Aforcado/app/build/intermediates/manifest_merge_blame_file/debug/manifest-merger-blame-debug-report.txt
1<?xml version="1.0" encoding="utf-8"?>
2<manifest xmlns:android="http://schemas.android.com/apk/res/android"
3    package="com.example.afogado"
4    android:versionCode="1"
5    android:versionName="1.0" >
6
7    <uses-sdk
8        android:minSdkVersion="19"
8-->src\main\AndroidManifest.xml
9        android:targetSdkVersion="30" />
9-->src\main\AndroidManifest.xml
10
11    <application
11-->src\main\AndroidManifest.xml:5:5-32:19
12        android:name="androidx.multidex.MultiDexApplication"
13        android:allowBackup="true"
13-->src\main\AndroidManifest.xml:6:9-35
14        android:appComponentFactory="androidx.core.app.CoreComponentFactory"
14-->[androidx.core:core:1.5.0] AndroidManifest.xml:24:18-86
15        android:debuggable="true"
16        android:icon="@mipmap/ic_launcher"
16-->src\main\AndroidManifest.xml:7:9-43
17        android:label="@string/app_name"
17-->src\main\AndroidManifest.xml:8:9-41
18        android:roundIcon="@mipmap/ic_launcher_round"
18-->src\main\AndroidManifest.xml:9:9-54
19        android:supportsRtl="true"
19-->src\main\AndroidManifest.xml:10:9-35
20        android:theme="@style/Theme.Afogado" >
20-->src\main\AndroidManifest.xml:11:9-45
21        <activity android:name="com.example.afogado.activity.SkinsActivity" />
21-->src\main\AndroidManifest.xml:12:9-69
21-->src\main\AndroidManifest.xml:12:19-57
22        <!--
23          <meta-data
24            android:name="com.google.android.gms.ads.APPLICATION_ID"
25            android:value="ca-app-pub-4106267303180784~9650149105"/>
26        -->
27        <activity
27-->src\main\AndroidManifest.xml:18:9-21:52
28            android:name="com.example.afogado.activity.GameActivity"
28-->src\main\AndroidManifest.xml:19:13-50
29            android:configChanges="orientation"
29-->src\main\AndroidManifest.xml:20:13-48
30            android:screenOrientation="portrait" />
30-->src\main\AndroidManifest.xml:21:13-49
31        <activity
31-->src\main\AndroidManifest.xml:22:9-31:20
32            android:name="com.example.afogado.activity.AfogadoActivity"
32-->src\main\AndroidManifest.xml:23:13-53
33            android:configChanges="orientation"
33-->src\main\AndroidManifest.xml:24:13-48
34            android:screenOrientation="portrait" >
34-->src\main\AndroidManifest.xml:25:13-49
35            <intent-filter>
35-->src\main\AndroidManifest.xml:26:13-30:29
36                <action android:name="android.intent.action.MAIN" />
36-->src\main\AndroidManifest.xml:27:17-69
36-->src\main\AndroidManifest.xml:27:25-66
37
38                <category android:name="android.intent.category.LAUNCHER" />
38-->src\main\AndroidManifest.xml:29:17-77
38-->src\main\AndroidManifest.xml:29:27-74
39            </intent-filter>
40        </activity>
41    </application>
42
43</manifest>